<beans xmlns="http://www.springframework.org/schema/beans"
	   xmlns:mvc="http://www.springframework.org/schema/mvc"
	   xmlns:util="http://www.springframework.org/schema/util"
	   xmlns:xsi="http://www.w3.org/2001/XMLSchema-instance"
	   xsi:schemaLocation="http://www.springframework.org/schema/beans http://www.springframework.org/schema/beans/spring-beans-4.2.xsd           http://www.springframework.org/schema/mvc  http://www.springframework.org/schema/mvc/spring-mvc-4.2.xsd http://www.springframework.org/schema/util http://www.springframework.org/schema/util/spring-util.xsd">


	<util:properties id="opensrp"
					 location="classpath:/opensrp.properties" />


	<mvc:annotation-driven />
	<mvc:default-servlet-handler />

	<bean class="org.opensrp.web.rest.shadow.CampaignResourceShadow" />
	<bean class="org.opensrp.web.rest.shadow.TaskResourceShadow" />
	<bean class="org.opensrp.web.rest.shadow.LocationResourseShadow" />
	<bean class="org.opensrp.web.rest.shadow.SettingResourceShadow" />
	<bean class="org.opensrp.web.rest.shadow.UserControllerShadow" />
	<bean class="org.opensrp.web.rest.shadow.PlanResourceShadow" />
	<bean class="org.opensrp.web.rest.shadow.OrganizationResourceShadow" />
	<bean class="org.opensrp.web.rest.shadow.PractitionerResourceShadow" />
	<bean class="org.opensrp.web.rest.shadow.PractitionerRoleResourceShadow" />
	<bean class="org.opensrp.web.rest.shadow.UserResourceShadow" />
	<bean class="org.opensrp.web.rest.shadow.EventResourceShadow" />

</beans>