<beans xmlns="http://www.springframework.org/schema/beans"
	xmlns:mvc="http://www.springframework.org/schema/mvc"
	xmlns:util="http://www.springframework.org/schema/util"
	xmlns:xsi="http://www.w3.org/2001/XMLSchema-instance"
	xmlns:p="http://www.springframework.org/schema/p"
	xmlns:context="http://www.springframework.org/schema/context"
	xmlns:sec="http://www.springframework.org/schema/security"
	xsi:schemaLocation="http://www.springframework.org/schema/beans http://www.springframework.org/schema/beans/spring-beans.xsd           
	   http://www.springframework.org/schema/mvc  http://www.springframework.org/schema/mvc/spring-mvc.xsd 
	   http://www.springframework.org/schema/context http://www.springframework.org/schema/context/spring-context.xsd
	   http://www.springframework.org/schema/util http://www.springframework.org/schema/util/spring-util.xsd
	   http://www.springframework.org/schema/security http://www.springframework.org/schema/security/spring-security.xsd">
	<import resource="test-persistence-postgres.xml"/>

	<bean id="mvcContentNegotiationManager"
		class="org.springframework.web.accept.ContentNegotiationManagerFactoryBean">
		<property name="favorPathExtension" value="true" />
		<property name="ignoreAcceptHeader" value="true" />
		<property name="defaultContentType" value="text/html" />
		<property name="mediaTypes">
			<map>
				<entry key="html" value="text/html" />
				<entry key="json" value="application/json" />
			</map>
		</property>
	</bean>

	<bean id="viewResolver"
		class="org.springframework.web.servlet.view.ContentNegotiatingViewResolver">
		<property name="contentNegotiationManager"
			ref="mvcContentNegotiationManager" />
		<property name="viewResolvers">
			<bean
				class="org.springframework.web.servlet.view.InternalResourceViewResolver"
				p:prefix="/WEB-INF/jsp/" p:suffix=".jsp" />
		</property>
		<property name="defaultViews">
			<ref bean="mappingJackson2JsonView" />
		</property>
	</bean>

	<bean class="org.opensrp.web.config.security.WebConfig" />
	<bean class="org.opensrp.TestRedisConfig" />
	<!-- Added for V2.1 only -->
	<bean class="org.opensrp.web.security.OauthAuthenticationProvider" />
	<bean class="org.opensrp.connector.openmrs.service.OpenmrsUserService"/>
	<!-- Added for V2.1 only -->


	<bean class="org.opensrp.TestDatabaseConfig" />

	<bean class="org.opensrp.web.health.RedisServiceHealthIndicator" />

	<bean class="org.opensrp.web.health.JdbcServiceHealthIndicator" />

	<bean class="org.opensrp.web.health.RabbitmqServiceHealthIndicator" />

	<bean class="org.opensrp.web.health.OpenmrsServiceHealthIndicator" />

	<bean class="org.opensrp.web.serviceimpl.HealthServiceImpl" />

	<bean class="org.springframework.amqp.rabbit.core.RabbitAdmin" >
		<constructor-arg index="0" ref="rabbitTemplate" />
	</bean>

	<bean id="rabbitTemplate" class="org.springframework.amqp.rabbit.core.RabbitTemplate" >
		<constructor-arg index="0" ref="rabbitConnectionFactory" />
	</bean>

	<bean id="rabbitConnectionFactory" class="org.springframework.amqp.rabbit.connection.CachingConnectionFactory" />

	<util:properties id="opensrp"
		location="classpath:/opensrp.properties" />

	<mvc:annotation-driven />
	<mvc:default-servlet-handler />

	<context:component-scan base-package="org.opensrp.web.rest.shadow"/>
	
	
	<sec:http  request-matcher="mvc" auto-config="true"  >
	    <sec:intercept-url pattern="/**" access="hasRole('ROLE_ADMIN')" /> 
	     <sec:csrf disabled="true"/> 
	
	</sec:http>
	
	 <sec:authentication-manager>  
      <sec:authentication-provider>  
        <sec:user-service>  
        <sec:user name="admin" password="1234" authorities="hasRole(ROLE_USER)" />  
        </sec:user-service>  
      </sec:authentication-provider>  
    </sec:authentication-manager>  

</beans>
